<?xml version="1.0" encoding="UTF-8"?>
<testsuite name="org.example.integrational.SystemTest" tests="28" skipped="0" failures="0" errors="0" timestamp="2026-03-23T06:01:12.616Z" hostname="DESKTOP-CMLMMMG" time="0.093">
  <properties/>
  <testcase name="[1] 0.05, -7.6648, 1e-2, 1e-3" classname="org.example.integrational.SystemTest" time="0.005"/>
  <testcase name="[2] 0.1, -5.3573, 1e-2, 1e-3" classname="org.example.integrational.SystemTest" time="0.002"/>
  <testcase name="[3] 0.5, 2.8970, 1e-2, 1e-3" classname="org.example.integrational.SystemTest" time="0.003"/>
  <testcase name="[4] 1.5, -8.6489, 1e-2, 1e-3" classname="org.example.integrational.SystemTest" time="0.001"/>
  <testcase name="[5] 2.0, -4.0218, 1e-2, 1e-3" classname="org.example.integrational.SystemTest" time="0.002"/>
  <testcase name="[6] 2.5, -2.0869, 1e-2, 1e-3" classname="org.example.integrational.SystemTest" time="0.001"/>
  <testcase name="[7] 3.0, -0.9019, 1e-2, 1e-3" classname="org.example.integrational.SystemTest" time="0.002"/>
  <testcase name="[8] 4.0, 0.6058, 1e-2, 1e-3" classname="org.example.integrational.SystemTest" time="0.002"/>
  <testcase name="[9] 5.0, 1.6015, 1e-2, 1e-3" classname="org.example.integrational.SystemTest" time="0.001"/>
  <testcase name="[10] 9.0, 3.8610, 1e-2, 1e-3" classname="org.example.integrational.SystemTest" time="0.001"/>
  <testcase name="[11] 12.5, 4.9978, 1e-2, 1e-3" classname="org.example.integrational.SystemTest" time="0.001"/>
  <testcase name="[12] 20.0, 6.5399, 1e-2, 1e-3" classname="org.example.integrational.SystemTest" time="0.001"/>
  <testcase name="calculateWhenErrorOccursShouldReturnNaN()" classname="org.example.integrational.SystemTest" time="0.003"/>
  <testcase name="[1] NaN" classname="org.example.integrational.SystemTest" time="0.001"/>
  <testcase name="[2] Infinity" classname="org.example.integrational.SystemTest" time="0.001"/>
  <testcase name="[3] -Infinity" classname="org.example.integrational.SystemTest" time="0.001"/>
  <testcase name="[1] -1.0, 398.3719, 10, 1e-3" classname="org.example.integrational.SystemTest" time="0.003"/>
  <testcase name="[2] -1.2, 0.1004, 1e-2, 1e-3" classname="org.example.integrational.SystemTest" time="0.002"/>
  <testcase name="[3] -1.25, 0.0227, 1e-2, 1e-3" classname="org.example.integrational.SystemTest" time="0.002"/>
  <testcase name="[4] -2.0, -0.0457, 1e-2, 1e-3" classname="org.example.integrational.SystemTest" time="0.002"/>
  <testcase name="[5] -2.3, -0.1960, 1e-2, 1e-3" classname="org.example.integrational.SystemTest" time="0.002"/>
  <testcase name="[6] -3.95, -2.1061, 1e-2, 1e-3" classname="org.example.integrational.SystemTest" time="0.003"/>
  <testcase name="[7] -4.4, -0.6624, 1e-2, 1e-3" classname="org.example.integrational.SystemTest" time="0.002"/>
  <testcase name="[8] -5.2, 1.1426, 1e-2, 1e-3" classname="org.example.integrational.SystemTest" time="0.002"/>
  <testcase name="[9] -5.35, 2.0198, 1e-2, 1e-3" classname="org.example.integrational.SystemTest" time="0.002"/>
  <testcase name="[10] -5.57, 5.1288, 1e-2, 1e-3" classname="org.example.integrational.SystemTest" time="0.001"/>
  <testcase name="[11] -5.69, 4.4094, 1e-2, 1e-3" classname="org.example.integrational.SystemTest" time="0.002"/>
  <testcase name="[12] -5.87, 7.9617, 1e-2, 1e-3" classname="org.example.integrational.SystemTest" time="0.002"/>
  <system-out><![CDATA[]]></system-out>
  <system-err><![CDATA[]]></system-err>
</testsuite>
