<?xml version="1.0" encoding="UTF-8"?>
<testsuite name="org.example.unit.series.SeriesTest" tests="41" skipped="0" failures="0" errors="0" timestamp="2026-03-23T06:01:13.055Z" hostname="DESKTOP-CMLMMMG" time="0.159">
  <properties/>
  <testcase name="[1] 0.5, -0.6931, 1e-3, 1e-6" classname="org.example.unit.series.SeriesTest" time="0.003"/>
  <testcase name="[2] 1.25, 0.2231, 1e-3, 1e-6" classname="org.example.unit.series.SeriesTest" time="0.001"/>
  <testcase name="[3] 2.7183, 1.0, 1e-3, 1e-6" classname="org.example.unit.series.SeriesTest" time="0.001"/>
  <testcase name="[4] 100, 4.6051, 1e-3, 1e-6" classname="org.example.unit.series.SeriesTest" time="0.002"/>
  <testcase name="[5] 500, 6.2146, 1e-2, 1e-6" classname="org.example.unit.series.SeriesTest" time="0.001"/>
  <testcase name="[6] 1000, 6.9078, 1e-2, 1e-6" classname="org.example.unit.series.SeriesTest" time="0.001"/>
  <testcase name="[1] 0.0, 0.0, 1e-3, 1e-6" classname="org.example.unit.series.SeriesTest" time="0.003"/>
  <testcase name="[2] 6.2831, 0.0, 1e-3, 1e-6" classname="org.example.unit.series.SeriesTest" time="0.002"/>
  <testcase name="[3] 3.1416, 0.0, 1e-3, 1e-6" classname="org.example.unit.series.SeriesTest" time="0.004"/>
  <testcase name="[4] 1.5708, 1.0, 1e-3, 1e-6" classname="org.example.unit.series.SeriesTest" time="0.005"/>
  <testcase name="[5] 4.7124, -1.0, 1e-3, 1e-6" classname="org.example.unit.series.SeriesTest" time="0.002"/>
  <testcase name="[6] -1.5708, -1.0, 1e-3, 1e-6" classname="org.example.unit.series.SeriesTest" time="0.0"/>
  <testcase name="[7] 0.7854, 0.7071, 1e-3, 1e-6" classname="org.example.unit.series.SeriesTest" time="0.001"/>
  <testcase name="[8] 0.5236, 0.5, 1e-3, 1e-6" classname="org.example.unit.series.SeriesTest" time="0.001"/>
  <testcase name="[9] 100, NaN, 1e-2, 1e-6" classname="org.example.unit.series.SeriesTest" time="0.017"/>
  <testcase name="[10] 500, NaN, 1e-2, 1e-6" classname="org.example.unit.series.SeriesTest" time="0.014"/>
  <testcase name="[11] 1000, NaN, 1e-2, 1e-6" classname="org.example.unit.series.SeriesTest" time="0.01"/>
  <testcase name="calculateFactorialForLargeNumber()" classname="org.example.unit.series.SeriesTest" time="0.001"/>
  <testcase name="[1] NaN" classname="org.example.unit.series.SeriesTest" time="0.002"/>
  <testcase name="[2] Infinity" classname="org.example.unit.series.SeriesTest" time="0.001"/>
  <testcase name="[3] -Infinity" classname="org.example.unit.series.SeriesTest" time="0.001"/>
  <testcase name="[4] -1.0" classname="org.example.unit.series.SeriesTest" time="0.001"/>
  <testcase name="[1] -1.0" classname="org.example.unit.series.SeriesTest" time="0.003"/>
  <testcase name="[2] -2.0" classname="org.example.unit.series.SeriesTest" time="0.002"/>
  <testcase name="[3] -5.0" classname="org.example.unit.series.SeriesTest" time="0.002"/>
  <testcase name="[4] -10.0" classname="org.example.unit.series.SeriesTest" time="0.001"/>
  <testcase name="[5] -100.0" classname="org.example.unit.series.SeriesTest" time="0.001"/>
  <testcase name="[1] 0, 1" classname="org.example.unit.series.SeriesTest" time="0.0"/>
  <testcase name="[2] 1, 1" classname="org.example.unit.series.SeriesTest" time="0.001"/>
  <testcase name="[3] 2, 2" classname="org.example.unit.series.SeriesTest" time="0.001"/>
  <testcase name="[4] 3, 6" classname="org.example.unit.series.SeriesTest" time="0.001"/>
  <testcase name="[5] 4, 24" classname="org.example.unit.series.SeriesTest" time="0.0"/>
  <testcase name="[6] 5, 120" classname="org.example.unit.series.SeriesTest" time="0.001"/>
  <testcase name="[7] 6, 720" classname="org.example.unit.series.SeriesTest" time="0.001"/>
  <testcase name="[8] 7, 5040" classname="org.example.unit.series.SeriesTest" time="0.001"/>
  <testcase name="[9] 8, 40320" classname="org.example.unit.series.SeriesTest" time="0.001"/>
  <testcase name="[10] 9, 362880" classname="org.example.unit.series.SeriesTest" time="0.0"/>
  <testcase name="[11] 10, 3628800" classname="org.example.unit.series.SeriesTest" time="0.0"/>
  <testcase name="[1] NaN" classname="org.example.unit.series.SeriesTest" time="0.002"/>
  <testcase name="[2] Infinity" classname="org.example.unit.series.SeriesTest" time="0.001"/>
  <testcase name="[3] -Infinity" classname="org.example.unit.series.SeriesTest" time="0.002"/>
  <system-out><![CDATA[]]></system-out>
  <system-err><![CDATA[]]></system-err>
</testsuite>
